# JRE version: OpenJDK Runtime Environment Temurin-17.0.4.1+1 (17.0.4.1+1) (build 17.0.4.1+1)
# Java VM: OpenJDK 64-Bit Server VM Temurin-17.0.4.1+1 (17.0.4.1+1, mixed mode, emulated-client, tiered, compressed oops, compressed class ptrs, g1 gc, windows-amd64)
GC Precious Log:
 CPUs: 4 total, 4 available
 Memory: 8078M
 Large Page Support: Disabled
 NUMA Support: Disabled
 Compressed Oops: Enabled (32-bit)
 Heap Region Size: 1M
 Heap Min Capacity: 8M
 Heap Initial Capacity: 128M
 Heap Max Capacity: 2020M
 Pre-touch: Disabled
 Parallel Workers: 4
 Concurrent Workers: 1
 Concurrent Refinement Workers: 4
 Periodic GC: Disabled
Heap:
 garbage-first heap   total 99328K, used 35389K [0x0000000081c00000, 0x0000000100000000)
  region size 1024K, 2 young (2048K), 2 survivors (2048K)
 Metaspace       used 69231K, committed 70016K, reserved 1114112K
  class space    used 8710K, committed 9088K, reserved 1048576K
GC Heap History (20 events):
Event: 22646.740 GC heap after
{Heap after GC invocations=1189 (full 9):
 garbage-first heap   total 272384K, used 44155K [0x0000000081c00000, 0x0000000100000000)
  region size 1024K, 1 young (1024K), 1 survivors (1024K)
 Metaspace       used 68729K, committed 70016K, reserved 1114112K
  class space    used 8673K, committed 9088K, reserved 1048576K
}
Event: 22707.390 GC heap before
{Heap before GC invocations=1190 (full 9):
 garbage-first heap   total 150528K, used 132219K [0x0000000081c00000, 0x0000000100000000)
  region size 1024K, 88 young (90112K), 1 survivors (1024K)
 Metaspace       used 68729K, committed 70016K, reserved 1114112K
  class space    used 8673K, committed 9088K, reserved 1048576K
}
Event: 22707.623 GC heap after
{Heap after GC invocations=1191 (full 9):
 garbage-first heap   total 150528K, used 45817K [0x0000000081c00000, 0x0000000100000000)
  region size 1024K, 4 young (4096K), 4 survivors (4096K)
 Metaspace       used 68729K, committed 70016K, reserved 1114112K
  class space    used 8673K, committed 9088K, reserved 1048576K
}
Event: 22708.542 GC heap before
{Heap before GC invocations=1191 (full 9):
 garbage-first heap   total 150528K, used 48889K [0x0000000081c00000, 0x0000000100000000)
  region size 1024K, 7 young (7168K), 4 survivors (4096K)
 Metaspace       used 68729K, committed 70016K, reserved 1114112K
  class space    used 8673K, committed 9088K, reserved 1048576K
}
Event: 22708.555 GC heap after
{Heap after GC invocations=1192 (full 9):
 garbage-first heap   total 150528K, used 45028K [0x0000000081c00000, 0x0000000100000000)
  region size 1024K, 1 young (1024K), 1 survivors (1024K)
 Metaspace       used 68729K, committed 70016K, reserved 1114112K
  class space    used 8673K, committed 9088K, reserved 1048576K
}
Event: 22752.904 GC heap before
{Heap before GC invocations=1192 (full 9):
 garbage-first heap   total 150528K, used 125924K [0x0000000081c00000, 0x0000000100000000)
  region size 1024K, 80 young (81920K), 1 survivors (1024K)
 Metaspace       used 68739K, committed 70016K, reserved 1114112K
  class space    used 8675K, committed 9088K, reserved 1048576K
}
Event: 22752.959 GC heap after
{Heap after GC invocations=1193 (full 9):
 garbage-first heap   total 150528K, used 46013K [0x0000000081c00000, 0x0000000100000000)
  region size 1024K, 2 young (2048K), 2 survivors (2048K)
 Metaspace       used 68739K, committed 70016K, reserved 1114112K
  class space    used 8675K, committed 9088K, reserved 1048576K
}
Event: 22818.347 GC heap before
{Heap before GC invocations=1194 (full 9):
 garbage-first heap   total 150528K, used 124861K [0x0000000081c00000, 0x0000000100000000)
  region size 1024K, 80 young (81920K), 2 survivors (2048K)
 Metaspace       used 68537K, committed 70016K, reserved 1114112K
  class space    used 8609K, committed 9088K, reserved 1048576K
}
Event: 22818.389 GC heap after
{Heap after GC invocations=1195 (full 9):
 garbage-first heap   total 150528K, used 45130K [0x0000000081c00000, 0x0000000100000000)
  region size 1024K, 2 young (2048K), 2 survivors (2048K)
 Metaspace       used 68537K, committed 70016K, reserved 1114112K
  class space    used 8609K, committed 9088K, reserved 1048576K
}
Event: 22823.790 GC heap before
{Heap before GC invocations=1195 (full 9):
 garbage-first heap   total 150528K, used 50250K [0x0000000081c00000, 0x0000000100000000)
  region size 1024K, 7 young (7168K), 2 survivors (2048K)
 Metaspace       used 68537K, committed 70016K, reserved 1114112K
  class space    used 8609K, committed 9088K, reserved 1048576K
}
Event: 22823.820 GC heap after
{Heap after GC invocations=1196 (full 9):
 garbage-first heap   total 150528K, used 43004K [0x0000000081c00000, 0x0000000100000000)
  region size 1024K, 1 young (1024K), 1 survivors (1024K)
 Metaspace       used 68537K, committed 70016K, reserved 1114112K
  class space    used 8609K, committed 9088K, reserved 1048576K
}
Event: 22883.003 GC heap before
{Heap before GC invocations=1196 (full 9):
 garbage-first heap   total 150528K, used 112636K [0x0000000081c00000, 0x0000000100000000)
  region size 1024K, 70 young (71680K), 1 survivors (1024K)
 Metaspace       used 68553K, committed 70016K, reserved 1114112K
  class space    used 8611K, committed 9088K, reserved 1048576K
}
Event: 22884.111 GC heap after
{Heap after GC invocations=1197 (full 10):
 garbage-first heap   total 99328K, used 28836K [0x0000000081c00000, 0x0000000100000000)
  region size 1024K, 0 young (0K), 0 survivors (0K)
 Metaspace       used 68543K, committed 70016K, reserved 1114112K
  class space    used 8610K, committed 9088K, reserved 1048576K
}
Event: 22885.545 GC heap before
{Heap before GC invocations=1197 (full 10):
 garbage-first heap   total 99328K, used 80036K [0x0000000081c00000, 0x0000000100000000)
  region size 1024K, 51 young (52224K), 0 survivors (0K)
 Metaspace       used 69228K, committed 70016K, reserved 1114112K
  class space    used 8709K, committed 9088K, reserved 1048576K
}
Event: 22885.600 GC heap after
{Heap after GC invocations=1198 (full 10):
 garbage-first heap   total 99328K, used 33934K [0x0000000081c00000, 0x0000000100000000)
  region size 1024K, 5 young (5120K), 5 survivors (5120K)
 Metaspace       used 69228K, committed 70016K, reserved 1114112K
  class space    used 8709K, committed 9088K, reserved 1048576K
}
Event: 22885.671 GC heap before
{Heap before GC invocations=1198 (full 10):
 garbage-first heap   total 99328K, used 77966K [0x0000000081c00000, 0x0000000100000000)
  region size 1024K, 49 young (50176K), 5 survivors (5120K)
 Metaspace       used 69228K, committed 70016K, reserved 1114112K
  class space    used 8709K, committed 9088K, reserved 1048576K
}
Event: 22885.696 GC heap after
{Heap after GC invocations=1199 (full 10):
 garbage-first heap   total 99328K, used 34821K [0x0000000081c00000, 0x0000000100000000)
  region size 1024K, 1 young (1024K), 1 survivors (1024K)
 Metaspace       used 69228K, committed 70016K, reserved 1114112K
  class space    used 8709K, committed 9088K, reserved 1048576K
}
Event: 22885.758 GC heap before
{Heap before GC invocations=1200 (full 10):
 garbage-first heap   total 99328K, used 79877K [0x0000000081c00000, 0x0000000100000000)
  region size 1024K, 45 young (46080K), 1 survivors (1024K)
 Metaspace       used 69231K, committed 70016K, reserved 1114112K
  class space    used 8710K, committed 9088K, reserved 1048576K
}
Event: 22885.760 GC heap after
{Heap after GC invocations=1201 (full 10):
 garbage-first heap   total 99328K, used 34986K [0x0000000081c00000, 0x0000000100000000)
  region size 1024K, 2 young (2048K), 2 survivors (2048K)
 Metaspace       used 69231K, committed 70016K, reserved 1114112K
  class space    used 8710K, committed 9088K, reserved 1048576K
}
Event: 22885.799 GC heap before
{Heap before GC invocations=1201 (full 10):
 garbage-first heap   total 99328K, used 81066K [0x0000000081c00000, 0x0000000100000000)
  region size 1024K, 47 young (48128K), 2 survivors (2048K)
 Metaspace       used 69231K, committed 70016K, reserved 1114112K
  class space    used 8710K, committed 9088K, reserved 1048576K
}

