# JRE version: OpenJDK Runtime Environment Temurin-17.0.2+8 (17.0.2+8) (build 17.0.2+8)
# Java VM: OpenJDK 64-Bit Server VM Temurin-17.0.2+8 (17.0.2+8, mixed mode, emulated-client, tiered, compressed oops, compressed class ptrs, g1 gc, windows-amd64)
GC Precious Log:
 CPUs: 12 total, 12 available
 Memory: 16196M
 Large Page Support: Disabled
 NUMA Support: Disabled
 Compressed Oops: Enabled (Zero based)
 Heap Region Size: 2M
 Heap Min Capacity: 8M
 Heap Initial Capacity: 254M
 Heap Max Capacity: 4050M
 Pre-touch: Disabled
 Parallel Workers: 10
 Concurrent Workers: 3
 Concurrent Refinement Workers: 10
 Periodic GC: Disabled
Heap:
 garbage-first heap   total 131072K, used 45615K [0x0000000702e00000, 0x0000000800000000)
  region size 2048K, 3 young (6144K), 3 survivors (6144K)
 Metaspace       used 68959K, committed 70080K, reserved 1114112K
  class space    used 8765K, committed 9216K, reserved 1048576K
GC Heap History (20 events):
Event: 4733.234 GC heap after
{Heap after GC invocations=310 (full 9):
 garbage-first heap   total 106496K, used 51653K [0x0000000702e00000, 0x0000000800000000)
  region size 2048K, 3 young (6144K), 3 survivors (6144K)
 Metaspace       used 70021K, committed 70720K, reserved 1114112K
  class space    used 8886K, committed 9216K, reserved 1048576K
}
Event: 4737.422 GC heap before
{Heap before GC invocations=310 (full 9):
 garbage-first heap   total 106496K, used 74181K [0x0000000702e00000, 0x0000000800000000)
  region size 2048K, 14 young (28672K), 3 survivors (6144K)
 Metaspace       used 70021K, committed 70720K, reserved 1114112K
  class space    used 8886K, committed 9216K, reserved 1048576K
}
Event: 4737.432 GC heap after
{Heap after GC invocations=311 (full 9):
 garbage-first heap   total 106496K, used 57277K [0x0000000702e00000, 0x0000000800000000)
  region size 2048K, 2 young (4096K), 2 survivors (4096K)
 Metaspace       used 70021K, committed 70720K, reserved 1114112K
  class space    used 8886K, committed 9216K, reserved 1048576K
}
Event: 4737.667 GC heap before
{Heap before GC invocations=312 (full 9):
 garbage-first heap   total 106496K, used 75709K [0x0000000702e00000, 0x0000000800000000)
  region size 2048K, 11 young (22528K), 2 survivors (4096K)
 Metaspace       used 68498K, committed 70144K, reserved 1114112K
  class space    used 8686K, committed 9216K, reserved 1048576K
}
Event: 4737.671 GC heap after
{Heap after GC invocations=313 (full 9):
 garbage-first heap   total 106496K, used 59729K [0x0000000702e00000, 0x0000000800000000)
  region size 2048K, 1 young (2048K), 1 survivors (2048K)
 Metaspace       used 68498K, committed 70144K, reserved 1114112K
  class space    used 8686K, committed 9216K, reserved 1048576K
}
Event: 4737.694 GC heap before
{Heap before GC invocations=313 (full 9):
 garbage-first heap   total 106496K, used 61777K [0x0000000702e00000, 0x0000000800000000)
  region size 2048K, 2 young (4096K), 1 survivors (2048K)
 Metaspace       used 68498K, committed 70144K, reserved 1114112K
  class space    used 8686K, committed 9216K, reserved 1048576K
}
Event: 4737.696 GC heap after
{Heap after GC invocations=314 (full 9):
 garbage-first heap   total 131072K, used 58460K [0x0000000702e00000, 0x0000000800000000)
  region size 2048K, 1 young (2048K), 1 survivors (2048K)
 Metaspace       used 68498K, committed 70144K, reserved 1114112K
  class space    used 8686K, committed 9216K, reserved 1048576K
}
Event: 4738.300 GC heap before
{Heap before GC invocations=314 (full 9):
 garbage-first heap   total 131072K, used 91228K [0x0000000702e00000, 0x0000000800000000)
  region size 2048K, 18 young (36864K), 1 survivors (2048K)
 Metaspace       used 68943K, committed 70144K, reserved 1114112K
  class space    used 8761K, committed 9216K, reserved 1048576K
}
Event: 4738.303 GC heap after
{Heap after GC invocations=315 (full 9):
 garbage-first heap   total 131072K, used 60919K [0x0000000702e00000, 0x0000000800000000)
  region size 2048K, 2 young (4096K), 2 survivors (4096K)
 Metaspace       used 68943K, committed 70144K, reserved 1114112K
  class space    used 8761K, committed 9216K, reserved 1048576K
}
Event: 4738.409 GC heap before
{Heap before GC invocations=316 (full 9):
 garbage-first heap   total 131072K, used 87543K [0x0000000702e00000, 0x0000000800000000)
  region size 2048K, 19 young (38912K), 2 survivors (4096K)
 Metaspace       used 68943K, committed 70144K, reserved 1114112K
  class space    used 8761K, committed 9216K, reserved 1048576K
}
Event: 4738.411 GC heap after
{Heap after GC invocations=317 (full 9):
 garbage-first heap   total 131072K, used 53099K [0x0000000702e00000, 0x0000000800000000)
  region size 2048K, 2 young (4096K), 2 survivors (4096K)
 Metaspace       used 68943K, committed 70144K, reserved 1114112K
  class space    used 8761K, committed 9216K, reserved 1048576K
}
Event: 4738.413 GC heap before
{Heap before GC invocations=317 (full 9):
 garbage-first heap   total 131072K, used 55147K [0x0000000702e00000, 0x0000000800000000)
  region size 2048K, 3 young (6144K), 2 survivors (4096K)
 Metaspace       used 68943K, committed 70144K, reserved 1114112K
  class space    used 8761K, committed 9216K, reserved 1048576K
}
Event: 4738.415 GC heap after
{Heap after GC invocations=318 (full 9):
 garbage-first heap   total 131072K, used 41341K [0x0000000702e00000, 0x0000000800000000)
  region size 2048K, 1 young (2048K), 1 survivors (2048K)
 Metaspace       used 68943K, committed 70144K, reserved 1114112K
  class space    used 8761K, committed 9216K, reserved 1048576K
}
Event: 4739.050 GC heap before
{Heap before GC invocations=318 (full 9):
 garbage-first heap   total 131072K, used 90493K [0x0000000702e00000, 0x0000000800000000)
  region size 2048K, 26 young (53248K), 1 survivors (2048K)
 Metaspace       used 69299K, committed 70144K, reserved 1114112K
  class space    used 8788K, committed 9216K, reserved 1048576K
}
Event: 4739.053 GC heap after
{Heap after GC invocations=319 (full 9):
 garbage-first heap   total 131072K, used 43266K [0x0000000702e00000, 0x0000000800000000)
  region size 2048K, 2 young (4096K), 2 survivors (4096K)
 Metaspace       used 69299K, committed 70144K, reserved 1114112K
  class space    used 8788K, committed 9216K, reserved 1048576K
}
Event: 4744.287 GC heap before
{Heap before GC invocations=319 (full 9):
 garbage-first heap   total 131072K, used 94466K [0x0000000702e00000, 0x0000000800000000)
  region size 2048K, 27 young (55296K), 2 survivors (4096K)
 Metaspace       used 69328K, committed 70144K, reserved 1114112K
  class space    used 8792K, committed 9216K, reserved 1048576K
}
Event: 4744.294 GC heap after
{Heap after GC invocations=320 (full 9):
 garbage-first heap   total 131072K, used 51960K [0x0000000702e00000, 0x0000000800000000)
  region size 2048K, 4 young (8192K), 4 survivors (8192K)
 Metaspace       used 69328K, committed 70144K, reserved 1114112K
  class space    used 8792K, committed 9216K, reserved 1048576K
}
Event: 4748.321 GC heap before
{Heap before GC invocations=320 (full 9):
 garbage-first heap   total 131072K, used 76536K [0x0000000702e00000, 0x0000000800000000)
  region size 2048K, 17 young (34816K), 4 survivors (8192K)
 Metaspace       used 69330K, committed 70144K, reserved 1114112K
  class space    used 8792K, committed 9216K, reserved 1048576K
}
Event: 4748.393 GC heap after
{Heap after GC invocations=321 (full 10):
 garbage-first heap   total 131072K, used 40211K [0x0000000702e00000, 0x0000000800000000)
  region size 2048K, 0 young (0K), 0 survivors (0K)
 Metaspace       used 68533K, committed 70080K, reserved 1114112K
  class space    used 8695K, committed 9216K, reserved 1048576K
}
Event: 4749.214 GC heap before
{Heap before GC invocations=321 (full 10):
 garbage-first heap   total 131072K, used 89363K [0x0000000702e00000, 0x0000000800000000)
  region size 2048K, 25 young (51200K), 0 survivors (0K)
 Metaspace       used 68959K, committed 70080K, reserved 1114112K
  class space    used 8765K, committed 9216K, reserved 1048576K
}

